[debug] [2023-08-20T08:47:44.179Z] ----------------------------------------------------------------------
[debug] [2023-08-20T08:47:44.181Z] Command:       /usr/local/bin/node /usr/local/share/npm-global/bin/firebase init
[debug] [2023-08-20T08:47:44.181Z] CLI Version:   12.4.8
[debug] [2023-08-20T08:47:44.181Z] Platform:      linux
[debug] [2023-08-20T08:47:44.181Z] Node Version:  v20.5.0
[debug] [2023-08-20T08:47:44.181Z] Time:          Sun Aug 20 2023 08:47:44 GMT+0000 (Coordinated Universal Time)
[debug] [2023-08-20T08:47:44.181Z] ----------------------------------------------------------------------
[debug] 
[debug] [2023-08-20T08:47:44.185Z] > command requires scopes: ["email","openid","https://www.googleapis.com/auth/cloudplatformprojects.readonly","https://www.googleapis.com/auth/firebase","https://www.googleapis.com/auth/cloud-platform"]
[debug] [2023-08-20T08:47:44.185Z] > authorizing via signed-in user (kipronofb@gmail.com)
[info] 
     ######## #### ########  ######## ########     ###     ######  ########
     ##        ##  ##     ## ##       ##     ##  ##   ##  ##       ##
     ######    ##  ########  ######   ########  #########  ######  ######
     ##        ##  ##    ##  ##       ##     ## ##     ##       ## ##
     ##       #### ##     ## ######## ########  ##     ##  ######  ########

You're about to initialize a Firebase project in this directory:

  /workspaces/remotemore/ui

Before we get started, keep in mind:

  * You are currently outside your home directory

[info] 
=== Project Setup
[info] 
[info] First, let's associate this project directory with a Firebase project.
[info] You can create multiple project aliases by running firebase use --add, 
[info] but for now we'll just set up a default project.
[info] 
[debug] [2023-08-20T08:47:51.885Z] >>> [apiv2][query] GET https://firebase.googleapis.com/v1beta1/projects pageSize=100
[debug] [2023-08-20T08:47:52.655Z] <<< [apiv2][status] GET https://firebase.googleapis.com/v1beta1/projects 200
[debug] [2023-08-20T08:47:52.656Z] <<< [apiv2][body] GET https://firebase.googleapis.com/v1beta1/projects [omitted]
[info] i  Using project develop-75484 (develop) 
[info] 
=== Hosting Setup
[info] 
[info] Your public directory is the folder (relative to your project directory) that
[info] will contain Hosting assets to be uploaded with firebase deploy. If you
[info] have a build process for your assets, use your build's output directory.
[info] 
[debug] [2023-08-20T08:48:21.798Z] >>> [apiv2][query] GET https://www.gstatic.com/firebasejs/releases.json [none]
[debug] [2023-08-20T08:48:22.399Z] <<< [apiv2][status] GET https://www.gstatic.com/firebasejs/releases.json 200
[debug] [2023-08-20T08:48:22.400Z] <<< [apiv2][body] GET https://www.gstatic.com/firebasejs/releases.json {"current":{"version":"10.2.0","browserURL":"https://www.gstatic.com/firebasejs/10.2.0/firebase.js","packageURL":"https://www.gstatic.com/firebasejs/10.2.0/firebase.tgz"},"live":{"version":"10.2","browserURL":"https://www.gstatic.com/firebasejs/live/10.2/firebase.js","packageURL":"https://www.gstatic.com/firebasejs/live/10.2/firebase.tgz"},"components":{"analytics":"https://www.gstatic.com/firebasejs/10.2.0/firebase-analytics.js","app":"https://www.gstatic.com/firebasejs/10.2.0/firebase-app.js","app-check":"https://www.gstatic.com/firebasejs/10.2.0/firebase-app-check.js","auth":"https://www.gstatic.com/firebasejs/10.2.0/firebase-auth.js","auth/cordova":"https://www.gstatic.com/firebasejs/10.2.0/firebase-auth/cordova.js","functions":"https://www.gstatic.com/firebasejs/10.2.0/firebase-functions.js","firestore":"https://www.gstatic.com/firebasejs/10.2.0/firebase-firestore.js","firestore/lite":"https://www.gstatic.com/firebasejs/10.2.0/firebase-firestore/lite.js","installations":"https://www.gstatic.com/firebasejs/10.2.0/firebase-installations.js","storage":"https://www.gstatic.com/firebasejs/10.2.0/firebase-storage.js","performance":"https://www.gstatic.com/firebasejs/10.2.0/firebase-performance.js","remote-config":"https://www.gstatic.com/firebasejs/10.2.0/firebase-remote-config.js","messaging":"https://www.gstatic.com/firebasejs/10.2.0/firebase-messaging.js","messaging/sw":"https://www.gstatic.com/firebasejs/10.2.0/firebase-messaging/sw.js","database":"https://www.gstatic.com/firebasejs/10.2.0/firebase-database.js","firestore.memory":"https://www.gstatic.com/firebasejs/10.2.0/firebase-firestore.memory.js"}}
[info] ✔  Wrote public/index.html 
[info] 
[info] i  Detected a .git folder at /workspaces/remotemore 
[info] i  Authorizing with GitHub to upload your service account to a GitHub repository's secrets store. 
[info] 
[info] Visit this URL on this device to log in:
[info] https://github.com/login/oauth/authorize?client_id=89cf50f02ac6aaed3484&state=559246984&redirect_uri=http%3A%2F%2Flocalhost%3A9005&scope=read%3Auser%20repo%20public_repo
[info] 
[info] Waiting for authentication...
[debug] [2023-08-20T08:49:37.320Z] >>> [apiv2][query] POST https://github.com/login/oauth/access_token [none]
[debug] [2023-08-20T08:49:37.334Z] >>> [apiv2][body] POST https://github.com/login/oauth/access_token [stream]
[debug] [2023-08-20T08:49:38.512Z] <<< [apiv2][status] POST https://github.com/login/oauth/access_token 200
[debug] [2023-08-20T08:49:38.514Z] <<< [apiv2][body] POST https://github.com/login/oauth/access_token {"access_token":"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","token_type":"bearer","scope":"read:user,repo"}
[debug] [2023-08-20T08:49:38.549Z] >>> [apiv2][query] GET https://api.github.com/user [none]
[debug] [2023-08-20T08:49:39.208Z] <<< [apiv2][status] GET https://api.github.com/user 200
[debug] [2023-08-20T08:49:39.208Z] <<< [apiv2][body] GET https://api.github.com/user {"login":"FAenX","id":10434501,"node_id":"MDQ6VXNlcjEwNDM0NTAx","avatar_url":"https://avatars.githubusercontent.com/u/10434501?v=4","gravatar_id":"","url":"https://api.github.com/users/FAenX","html_url":"https://github.com/FAenX","followers_url":"https://api.github.com/users/FAenX/followers","following_url":"https://api.github.com/users/FAenX/following{/other_user}","gists_url":"https://api.github.com/users/FAenX/gists{/gist_id}","starred_url":"https://api.github.com/users/FAenX/starred{/owner}{/repo}","subscriptions_url":"https://api.github.com/users/FAenX/subscriptions","organizations_url":"https://api.github.com/users/FAenX/orgs","repos_url":"https://api.github.com/users/FAenX/repos","events_url":"https://api.github.com/users/FAenX/events{/privacy}","received_events_url":"https://api.github.com/users/FAenX/received_events","type":"User","site_admin":false,"name":"Emmanuel Davidson","company":null,"blog":"faenx.github.io","location":"Nairobi","email":"kipronofb@gmail.com","hireable":true,"bio":"Certified AWS Solutions Architect | Software Engineer | Data Engineer | Database Admin | Devops engineer | Scala | Python | Javascript | NodeJs | ReactJs | Type","twitter_username":null,"public_repos":73,"public_gists":1,"followers":11,"following":16,"created_at":"2015-01-07T12:05:32Z","updated_at":"2023-08-19T17:47:34Z","private_gists":0,"total_private_repos":10,"owned_private_repos":10,"disk_usage":953118,"collaborators":2,"two_factor_authentication":true,"plan":{"name":"free","space":976562499,"collaborators":0,"private_repos":10000}}
[info] 
[info] ✔  Success! Logged into GitHub as FAenX 
[info] 
